<?xml version="1.0" encoding="UTF-8"?>
<testng-results ignored="0" total="1" passed="1" failed="0" skipped="0">
  <reporter-output>
  </reporter-output>
  <suite started-at="2024-03-08T16:34:56 IST" name="Default suite" finished-at="2024-03-08T16:36:12 IST" duration-ms="76021">
    <groups>
    </groups>
    <test started-at="2024-03-08T16:34:56 IST" name="Default test" finished-at="2024-03-08T16:36:12 IST" duration-ms="76021">
      <class name="com.testPackage.End_To_End_Validation_Test">
        <test-method is-config="true" signature="starttestCase()[pri:0, instance:com.testPackage.End_To_End_Validation_Test@6bb4dd34]" started-at="2024-03-08T16:34:56 IST" name="starttestCase" finished-at="2024-03-08T16:34:56 IST" duration-ms="53" status="PASS">
          <reporter-output>
          </reporter-output>
        </test-method> <!-- starttestCase -->
        <test-method is-config="true" signature="logGenerator()[pri:0, instance:com.testPackage.End_To_End_Validation_Test@6bb4dd34]" started-at="2024-03-08T16:34:56 IST" name="logGenerator" finished-at="2024-03-08T16:34:56 IST" duration-ms="43" status="PASS">
          <reporter-output>
          </reporter-output>
        </test-method> <!-- logGenerator -->
        <test-method is-config="true" signature="browserinitializer()[pri:0, instance:com.testPackage.End_To_End_Validation_Test@6bb4dd34]" started-at="2024-03-08T16:34:56 IST" name="browserinitializer" finished-at="2024-03-08T16:35:05 IST" duration-ms="9663" status="PASS">
          <reporter-output>
          </reporter-output>
        </test-method> <!-- browserinitializer -->
        <test-method is-config="true" signature="openApplication()[pri:0, instance:com.testPackage.End_To_End_Validation_Test@6bb4dd34]" started-at="2024-03-08T16:35:05 IST" name="openApplication" finished-at="2024-03-08T16:35:10 IST" duration-ms="4724" status="PASS">
          <reporter-output>
          </reporter-output>
        </test-method> <!-- openApplication -->
        <test-method signature="End_To_End()[pri:0, instance:com.testPackage.End_To_End_Validation_Test@6bb4dd34]" started-at="2024-03-08T16:35:10 IST" name="End_To_End" finished-at="2024-03-08T16:36:11 IST" duration-ms="60948" status="PASS">
          <reporter-output>
          </reporter-output>
        </test-method> <!-- End_To_End -->
        <test-method is-config="true" signature="takesFailedScereenshotTasteCase(org.testng.ITestResult)[pri:0, instance:com.testPackage.End_To_End_Validation_Test@6bb4dd34]" started-at="2024-03-08T16:36:11 IST" name="takesFailedScereenshotTasteCase" finished-at="2024-03-08T16:36:12 IST" duration-ms="540" status="PASS">
          <params>
            <param index="0">
              <value>
                <![CDATA[[TestResult name=End_To_End status=SUCCESS method=End_To_End_Validation_Test.End_To_End()[pri:0, instance:com.testPackage.End_To_End_Validation_Test@6bb4dd34] output={null}]]]>
              </value>
            </param>
          </params>
          <reporter-output>
          </reporter-output>
        </test-method> <!-- takesFailedScereenshotTasteCase -->
        <test-method is-config="true" signature="endtestCase()[pri:0, instance:com.testPackage.End_To_End_Validation_Test@6bb4dd34]" started-at="2024-03-08T16:36:12 IST" name="endtestCase" finished-at="2024-03-08T16:36:12 IST" duration-ms="29" status="FAIL">
          <exception class="java.lang.NoSuchFieldError">
            <message>
              <![CDATA[VERSION_2_3_30]]>
            </message>
            <full-stacktrace>
              <![CDATA[java.lang.NoSuchFieldError: VERSION_2_3_30
at com.aventstack.extentreports.reporter.AbstractFileReporter.loadTemplateModel(AbstractFileReporter.java:54)
at com.aventstack.extentreports.reporter.ExtentSparkReporter.start(ExtentSparkReporter.java:136)
at com.aventstack.extentreports.reporter.ExtentSparkReporter.access$000(ExtentSparkReporter.java:27)
at com.aventstack.extentreports.reporter.ExtentSparkReporter$1.onSubscribe(ExtentSparkReporter.java:116)
at io.reactivex.rxjava3.subjects.PublishSubject.subscribeActual(PublishSubject.java:133)
at io.reactivex.rxjava3.core.Observable.subscribe(Observable.java:13099)
at com.aventstack.extentreports.ReactiveSubject.attachReporter(ReactiveSubject.java:38)
at com.aventstack.extentreports.ExtentReports.attachReporter(ExtentReports.java:66)
at com.baseTest.BaseTest.endtestCase(BaseTest.java:66)
at java.base/jdk.internal.reflect.NativeMethodAccessorImpl.invoke0(Native Method)
at java.base/jdk.internal.reflect.NativeMethodAccessorImpl.invoke(NativeMethodAccessorImpl.java:77)
at java.base/jdk.internal.reflect.DelegatingMethodAccessorImpl.invoke(DelegatingMethodAccessorImpl.java:43)
at java.base/java.lang.reflect.Method.invoke(Method.java:568)
at org.testng.internal.MethodInvocationHelper.invokeMethod(MethodInvocationHelper.java:133)
at org.testng.internal.MethodInvocationHelper.invokeMethodConsideringTimeout(MethodInvocationHelper.java:62)
at org.testng.internal.ConfigInvoker.invokeConfigurationMethod(ConfigInvoker.java:385)
at org.testng.internal.ConfigInvoker.invokeConfigurations(ConfigInvoker.java:321)
at org.testng.SuiteRunner.privateRun(SuiteRunner.java:344)
at org.testng.SuiteRunner.run(SuiteRunner.java:276)
at org.testng.SuiteRunnerWorker.runSuite(SuiteRunnerWorker.java:53)
at org.testng.SuiteRunnerWorker.run(SuiteRunnerWorker.java:96)
at org.testng.TestNG.runSuitesSequentially(TestNG.java:1212)
at org.testng.TestNG.runSuitesLocally(TestNG.java:1134)
at org.testng.TestNG.runSuites(TestNG.java:1063)
at org.testng.TestNG.run(TestNG.java:1031)
at org.testng.remote.AbstractRemoteTestNG.run(AbstractRemoteTestNG.java:115)
at org.testng.remote.RemoteTestNG.initAndRun(RemoteTestNG.java:251)
at org.testng.remote.RemoteTestNG.main(RemoteTestNG.java:77)
]]>
            </full-stacktrace>
          </exception> <!-- java.lang.NoSuchFieldError -->
          <reporter-output>
          </reporter-output>
        </test-method> <!-- endtestCase -->
      </class> <!-- com.testPackage.End_To_End_Validation_Test -->
    </test> <!-- Default test -->
  </suite> <!-- Default suite -->
</testng-results>
